{"/Users/romankulagin/Geekbrains/Vue/project/babel.config.js": {"path":"/Users/romankulagin/Geekbrains/Vue/project/babel.config.js","statementMap":{"0":{"start":{"line":1,"column":0},"end":{"line":5,"column":1}}},"fnMap":{},"branchMap":{},"s":{"0":0},"f":{},"b":{}}
,"/Users/romankulagin/Geekbrains/Vue/project/vue.config.js": {"path":"/Users/romankulagin/Geekbrains/Vue/project/vue.config.js","statementMap":{"0":{"start":{"line":1,"column":25},"end":{"line":1,"column":52}},"1":{"start":{"line":2,"column":0},"end":{"line":4,"column":2}}},"fnMap":{},"branchMap":{},"s":{"0":0,"1":0},"f":{},"b":{}}
,"/Users/romankulagin/Geekbrains/Vue/project/src/App.vue": {"path":"/Users/romankulagin/Geekbrains/Vue/project/src/App.vue","statementMap":{"0":{"start":{"line":26,"column":0},"end":{"line":26,"column":null}}},"fnMap":{},"branchMap":{},"s":{"0":0},"f":{},"b":{}}
,"/Users/romankulagin/Geekbrains/Vue/project/src/main.js": {"path":"/Users/romankulagin/Geekbrains/Vue/project/src/main.js","statementMap":{"0":{"start":{"line":8,"column":0},"end":{"line":8,"column":32}},"1":{"start":{"line":9,"column":0},"end":{"line":9,"column":14}},"2":{"start":{"line":10,"column":0},"end":{"line":10,"column":20}},"3":{"start":{"line":12,"column":0},"end":{"line":16,"column":17}},"4":{"start":{"line":15,"column":15},"end":{"line":15,"column":21}}},"fnMap":{"0":{"name":"(anonymous_0)","decl":{"start":{"line":15,"column":10},"end":{"line":15,"column":11}},"loc":{"start":{"line":15,"column":15},"end":{"line":15,"column":21}},"line":15}},"branchMap":{},"s":{"0":0,"1":0,"2":0,"3":0,"4":0},"f":{"0":0},"b":{}}
,"/Users/romankulagin/Geekbrains/Vue/project/src/plugins/ContextMenu/index.js": {"path":"/Users/romankulagin/Geekbrains/Vue/project/src/plugins/ContextMenu/index.js","statementMap":{"0":{"start":{"line":3,"column":8},"end":{"line":5,"column":9}},"1":{"start":{"line":4,"column":12},"end":{"line":4,"column":18}},"2":{"start":{"line":6,"column":8},"end":{"line":6,"column":29}},"3":{"start":{"line":7,"column":8},"end":{"line":7,"column":26}},"4":{"start":{"line":8,"column":8},"end":{"line":24,"column":9}},"5":{"start":{"line":12,"column":31},"end":{"line":12,"column":43}},"6":{"start":{"line":13,"column":16},"end":{"line":18,"column":17}},"7":{"start":{"line":14,"column":20},"end":{"line":14,"column":40}},"8":{"start":{"line":15,"column":20},"end":{"line":15,"column":64}},"9":{"start":{"line":17,"column":20},"end":{"line":17,"column":31}},"10":{"start":{"line":21,"column":16},"end":{"line":21,"column":34}},"11":{"start":{"line":22,"column":16},"end":{"line":22,"column":43}}},"fnMap":{"0":{"name":"(anonymous_0)","decl":{"start":{"line":2,"column":4},"end":{"line":2,"column":5}},"loc":{"start":{"line":2,"column":17},"end":{"line":25,"column":5}},"line":2},"1":{"name":"(anonymous_1)","decl":{"start":{"line":11,"column":12},"end":{"line":11,"column":13}},"loc":{"start":{"line":11,"column":33},"end":{"line":19,"column":13}},"line":11},"2":{"name":"(anonymous_2)","decl":{"start":{"line":20,"column":12},"end":{"line":20,"column":13}},"loc":{"start":{"line":20,"column":19},"end":{"line":23,"column":13}},"line":20}},"branchMap":{"0":{"loc":{"start":{"line":3,"column":8},"end":{"line":5,"column":9}},"type":"if","locations":[{"start":{"line":3,"column":8},"end":{"line":5,"column":9}},{"start":{},"end":{}}],"line":3},"1":{"loc":{"start":{"line":13,"column":16},"end":{"line":18,"column":17}},"type":"if","locations":[{"start":{"line":13,"column":16},"end":{"line":18,"column":17}},{"start":{"line":16,"column":23},"end":{"line":18,"column":17}}],"line":13}},"s":{"0":0,"1":0,"2":0,"3":0,"4":0,"5":0,"6":0,"7":0,"8":0,"9":0,"10":0,"11":0},"f":{"0":0,"1":0,"2":0},"b":{"0":[0,0],"1":[0,0]}}
,"/Users/romankulagin/Geekbrains/Vue/project/src/plugins/ModalWindow/index.js": {"path":"/Users/romankulagin/Geekbrains/Vue/project/src/plugins/ModalWindow/index.js","statementMap":{"0":{"start":{"line":3,"column":8},"end":{"line":5,"column":9}},"1":{"start":{"line":4,"column":12},"end":{"line":4,"column":18}},"2":{"start":{"line":6,"column":8},"end":{"line":6,"column":29}},"3":{"start":{"line":7,"column":8},"end":{"line":18,"column":9}},"4":{"start":{"line":11,"column":16},"end":{"line":11,"column":64}},"5":{"start":{"line":15,"column":16},"end":{"line":15,"column":43}},"6":{"start":{"line":16,"column":16},"end":{"line":16,"column":35}}},"fnMap":{"0":{"name":"(anonymous_0)","decl":{"start":{"line":2,"column":4},"end":{"line":2,"column":5}},"loc":{"start":{"line":2,"column":17},"end":{"line":19,"column":5}},"line":2},"1":{"name":"(anonymous_1)","decl":{"start":{"line":10,"column":12},"end":{"line":10,"column":13}},"loc":{"start":{"line":10,"column":33},"end":{"line":13,"column":13}},"line":10},"2":{"name":"(anonymous_2)","decl":{"start":{"line":14,"column":12},"end":{"line":14,"column":13}},"loc":{"start":{"line":14,"column":19},"end":{"line":17,"column":13}},"line":14}},"branchMap":{"0":{"loc":{"start":{"line":3,"column":8},"end":{"line":5,"column":9}},"type":"if","locations":[{"start":{"line":3,"column":8},"end":{"line":5,"column":9}},{"start":{},"end":{}}],"line":3}},"s":{"0":0,"1":0,"2":0,"3":0,"4":0,"5":0,"6":0},"f":{"0":0,"1":0,"2":0},"b":{"0":[0,0]}}
,"/Users/romankulagin/Geekbrains/Vue/project/src/router/index.js": {"path":"/Users/romankulagin/Geekbrains/Vue/project/src/router/index.js","statementMap":{"0":{"start":{"line":9,"column":0},"end":{"line":9,"column":15}},"1":{"start":{"line":11,"column":15},"end":{"line":47,"column":1}},"2":{"start":{"line":23,"column":25},"end":{"line":23,"column":56}},"3":{"start":{"line":29,"column":25},"end":{"line":29,"column":63}},"4":{"start":{"line":40,"column":25},"end":{"line":40,"column":55}},"5":{"start":{"line":49,"column":15},"end":{"line":52,"column":2}},"6":{"start":{"line":54,"column":23},"end":{"line":54,"column":27}},"7":{"start":{"line":56,"column":0},"end":{"line":62,"column":2}},"8":{"start":{"line":57,"column":4},"end":{"line":61,"column":5}},"9":{"start":{"line":58,"column":8},"end":{"line":58,"column":32}},"10":{"start":{"line":60,"column":8},"end":{"line":60,"column":14}},"11":{"start":{"line":69,"column":28},"end":{"line":75,"column":1}},"12":{"start":{"line":70,"column":4},"end":{"line":74,"column":16}},"13":{"start":{"line":77,"column":0},"end":{"line":79,"column":2}},"14":{"start":{"line":78,"column":4},"end":{"line":78,"column":49}}},"fnMap":{"0":{"name":"(anonymous_0)","decl":{"start":{"line":23,"column":19},"end":{"line":23,"column":20}},"loc":{"start":{"line":23,"column":25},"end":{"line":23,"column":56}},"line":23},"1":{"name":"(anonymous_1)","decl":{"start":{"line":29,"column":19},"end":{"line":29,"column":20}},"loc":{"start":{"line":29,"column":25},"end":{"line":29,"column":63}},"line":29},"2":{"name":"(anonymous_2)","decl":{"start":{"line":40,"column":19},"end":{"line":40,"column":20}},"loc":{"start":{"line":40,"column":25},"end":{"line":40,"column":55}},"line":40},"3":{"name":"(anonymous_3)","decl":{"start":{"line":56,"column":18},"end":{"line":56,"column":19}},"loc":{"start":{"line":56,"column":37},"end":{"line":62,"column":1}},"line":56},"4":{"name":"(anonymous_4)","decl":{"start":{"line":69,"column":28},"end":{"line":69,"column":29}},"loc":{"start":{"line":69,"column":41},"end":{"line":75,"column":1}},"line":69},"5":{"name":"(anonymous_5)","decl":{"start":{"line":77,"column":17},"end":{"line":77,"column":18}},"loc":{"start":{"line":77,"column":23},"end":{"line":79,"column":1}},"line":77}},"branchMap":{"0":{"loc":{"start":{"line":57,"column":4},"end":{"line":61,"column":5}},"type":"if","locations":[{"start":{"line":57,"column":4},"end":{"line":61,"column":5}},{"start":{"line":59,"column":11},"end":{"line":61,"column":5}}],"line":57},"1":{"loc":{"start":{"line":57,"column":7},"end":{"line":57,"column":48}},"type":"binary-expr","locations":[{"start":{"line":57,"column":7},"end":{"line":57,"column":29}},{"start":{"line":57,"column":33},"end":{"line":57,"column":48}}],"line":57}},"s":{"0":0,"1":0,"2":0,"3":0,"4":0,"5":0,"6":0,"7":0,"8":0,"9":0,"10":0,"11":0,"12":0,"13":0,"14":0},"f":{"0":0,"1":0,"2":0,"3":0,"4":0,"5":0},"b":{"0":[0,0],"1":[0,0]}}
,"/Users/romankulagin/Geekbrains/Vue/project/src/store/index.js": {"path":"/Users/romankulagin/Geekbrains/Vue/project/src/store/index.js","statementMap":{"0":{"start":{"line":4,"column":0},"end":{"line":4,"column":13}},"1":{"start":{"line":14,"column":6},"end":{"line":14,"column":33}},"2":{"start":{"line":18,"column":6},"end":{"line":18,"column":37}},"3":{"start":{"line":21,"column":6},"end":{"line":21,"column":34}},"4":{"start":{"line":24,"column":19},"end":{"line":24,"column":69}},"5":{"start":{"line":24,"column":50},"end":{"line":24,"column":68}},"6":{"start":{"line":25,"column":20},"end":{"line":25,"column":51}},"7":{"start":{"line":26,"column":6},"end":{"line":26,"column":40}},"8":{"start":{"line":29,"column":19},"end":{"line":29,"column":72}},"9":{"start":{"line":29,"column":50},"end":{"line":29,"column":71}},"10":{"start":{"line":30,"column":20},"end":{"line":30,"column":51}},"11":{"start":{"line":31,"column":6},"end":{"line":31,"column":48}},"12":{"start":{"line":36,"column":6},"end":{"line":52,"column":8}},"13":{"start":{"line":37,"column":8},"end":{"line":49,"column":15}},"14":{"start":{"line":38,"column":24},"end":{"line":38,"column":26}},"15":{"start":{"line":39,"column":10},"end":{"line":48,"column":11}},"16":{"start":{"line":39,"column":20},"end":{"line":39,"column":21}},"17":{"start":{"line":40,"column":12},"end":{"line":47,"column":14}},"18":{"start":{"line":48,"column":12},"end":{"line":48,"column":26}},"19":{"start":{"line":51,"column":8},"end":{"line":51,"column":42}},"20":{"start":{"line":55,"column":6},"end":{"line":61,"column":8}},"21":{"start":{"line":56,"column":8},"end":{"line":58,"column":15}},"22":{"start":{"line":57,"column":10},"end":{"line":57,"column":80}},"23":{"start":{"line":60,"column":8},"end":{"line":60,"column":36}},"24":{"start":{"line":65,"column":30},"end":{"line":65,"column":47}},"25":{"start":{"line":67,"column":6},"end":{"line":67,"column":69}},"26":{"start":{"line":67,"column":51},"end":{"line":67,"column":65}},"27":{"start":{"line":69,"column":30},"end":{"line":69,"column":48}}},"fnMap":{"0":{"name":"(anonymous_0)","decl":{"start":{"line":13,"column":4},"end":{"line":13,"column":5}},"loc":{"start":{"line":13,"column":40},"end":{"line":16,"column":5}},"line":13},"1":{"name":"(anonymous_1)","decl":{"start":{"line":17,"column":4},"end":{"line":17,"column":5}},"loc":{"start":{"line":17,"column":42},"end":{"line":19,"column":5}},"line":17},"2":{"name":"(anonymous_2)","decl":{"start":{"line":20,"column":4},"end":{"line":20,"column":5}},"loc":{"start":{"line":20,"column":33},"end":{"line":22,"column":5}},"line":20},"3":{"name":"(anonymous_3)","decl":{"start":{"line":23,"column":4},"end":{"line":23,"column":5}},"loc":{"start":{"line":23,"column":31},"end":{"line":27,"column":5}},"line":23},"4":{"name":"(anonymous_4)","decl":{"start":{"line":24,"column":42},"end":{"line":24,"column":43}},"loc":{"start":{"line":24,"column":50},"end":{"line":24,"column":68}},"line":24},"5":{"name":"(anonymous_5)","decl":{"start":{"line":28,"column":4},"end":{"line":28,"column":5}},"loc":{"start":{"line":28,"column":44},"end":{"line":32,"column":5}},"line":28},"6":{"name":"(anonymous_6)","decl":{"start":{"line":29,"column":42},"end":{"line":29,"column":43}},"loc":{"start":{"line":29,"column":50},"end":{"line":29,"column":71}},"line":29},"7":{"name":"(anonymous_7)","decl":{"start":{"line":35,"column":4},"end":{"line":35,"column":5}},"loc":{"start":{"line":35,"column":24},"end":{"line":53,"column":5}},"line":35},"8":{"name":"(anonymous_8)","decl":{"start":{"line":36,"column":25},"end":{"line":36,"column":26}},"loc":{"start":{"line":36,"column":36},"end":{"line":50,"column":7}},"line":36},"9":{"name":"(anonymous_9)","decl":{"start":{"line":37,"column":19},"end":{"line":37,"column":20}},"loc":{"start":{"line":37,"column":23},"end":{"line":49,"column":9}},"line":37},"10":{"name":"(anonymous_10)","decl":{"start":{"line":50,"column":14},"end":{"line":50,"column":15}},"loc":{"start":{"line":50,"column":20},"end":{"line":52,"column":7}},"line":50},"11":{"name":"(anonymous_11)","decl":{"start":{"line":54,"column":4},"end":{"line":54,"column":5}},"loc":{"start":{"line":54,"column":32},"end":{"line":62,"column":5}},"line":54},"12":{"name":"(anonymous_12)","decl":{"start":{"line":55,"column":25},"end":{"line":55,"column":26}},"loc":{"start":{"line":55,"column":37},"end":{"line":59,"column":7}},"line":55},"13":{"name":"(anonymous_13)","decl":{"start":{"line":56,"column":19},"end":{"line":56,"column":20}},"loc":{"start":{"line":56,"column":23},"end":{"line":58,"column":9}},"line":56},"14":{"name":"(anonymous_14)","decl":{"start":{"line":59,"column":14},"end":{"line":59,"column":15}},"loc":{"start":{"line":59,"column":21},"end":{"line":61,"column":7}},"line":59},"15":{"name":"(anonymous_15)","decl":{"start":{"line":65,"column":21},"end":{"line":65,"column":22}},"loc":{"start":{"line":65,"column":30},"end":{"line":65,"column":47}},"line":65},"16":{"name":"(anonymous_16)","decl":{"start":{"line":66,"column":25},"end":{"line":66,"column":26}},"loc":{"start":{"line":66,"column":34},"end":{"line":68,"column":5}},"line":66},"17":{"name":"(anonymous_17)","decl":{"start":{"line":67,"column":38},"end":{"line":67,"column":39}},"loc":{"start":{"line":67,"column":51},"end":{"line":67,"column":65}},"line":67},"18":{"name":"(anonymous_18)","decl":{"start":{"line":69,"column":21},"end":{"line":69,"column":22}},"loc":{"start":{"line":69,"column":30},"end":{"line":69,"column":48}},"line":69}},"branchMap":{},"s":{"0":0,"1":0,"2":0,"3":0,"4":0,"5":0,"6":0,"7":0,"8":0,"9":0,"10":0,"11":0,"12":0,"13":0,"14":0,"15":0,"16":0,"17":0,"18":0,"19":0,"20":0,"21":0,"22":0,"23":0,"24":0,"25":0,"26":0,"27":0},"f":{"0":0,"1":0,"2":0,"3":0,"4":0,"5":0,"6":0,"7":0,"8":0,"9":0,"10":0,"11":0,"12":0,"13":0,"14":0,"15":0,"16":0,"17":0,"18":0},"b":{}}
,"/Users/romankulagin/Geekbrains/Vue/project/src/views/HomeView.vue": {"path":"/Users/romankulagin/Geekbrains/Vue/project/src/views/HomeView.vue","statementMap":{"0":{"start":{"line":16,"column":0},"end":{"line":16,"column":null}},"1":{"start":{"line":17,"column":0},"end":{"line":17,"column":null}},"2":{"start":{"line":20,"column":0},"end":{"line":20,"column":null}},"3":{"start":{"line":21,"column":0},"end":{"line":21,"column":null}}},"fnMap":{},"branchMap":{},"s":{"0":0,"1":0,"2":0,"3":0},"f":{},"b":{}}
}
